<?xml version="1.0" encoding="UTF-8"?>
<testsuite xmlns:xsi="http://www.w3.org/2001/XMLSchema-instance" xsi:noNamespaceSchemaLocation="https://maven.apache.org/surefire/maven-surefire-plugin/xsd/surefire-test-report-3.0.xsd" version="3.0" name="TestSuite" time="22.595" tests="4" errors="0" skipped="0" failures="2">
  <properties>
[...]
</properties>
  <testcase name="addusertest" classname="xpath.HomePageTest" time="1.057">
    <failure message="Method xpath.HomePageTest.addusertest() didn&apos;t finish within the time-out 1000" type="org.testng.internal.thread.ThreadTimeoutException"><![CDATA[org.testng.internal.thread.ThreadTimeoutException: Method xpath.HomePageTest.addusertest() didn't finish within the time-out 1000
	at java.base/java.lang.Thread.sleep0(Native Method)
	at java.base/java.lang.Thread.sleep(Thread.java:509)
	at xpath.HomePageTest.addusertest(HomePageTest.java:14)
	at java.base/jdk.internal.reflect.DirectMethodHandleAccessor.invoke(DirectMethodHandleAccessor.java:103)
	at java.base/java.lang.reflect.Method.invoke(Method.java:580)
	at org.testng.internal.invokers.MethodInvocationHelper.invokeMethod(MethodInvocationHelper.java:139)
	at org.testng.internal.invokers.InvokeMethodRunnable.runOne(InvokeMethodRunnable.java:47)
	at org.testng.internal.invokers.InvokeMethodRunnable.call(InvokeMethodRunnable.java:76)
	at org.testng.internal.invokers.InvokeMethodRunnable.call(InvokeMethodRunnable.java:11)
	at java.base/java.util.concurrent.FutureTask.run(FutureTask.java:317)
	at java.base/java.util.concurrent.ThreadPoolExecutor.runWorker(ThreadPoolExecutor.java:1144)
	at java.base/java.util.concurrent.ThreadPoolExecutor$Worker.run(ThreadPoolExecutor.java:642)
	at java.base/java.lang.Thread.run(Thread.java:1583)
]]></failure>
    <system-out><![CDATA[add user test
]]></system-out>
    <system-err><![CDATA[SLF4J(W): No SLF4J providers were found.
SLF4J(W): Defaulting to no-operation (NOP) logger implementation
SLF4J(W): See https://www.slf4j.org/codes.html#noProviders for further details.
]]></system-err>
  </testcase>
  <testcase name="dologin" classname="xpath.TestNG" time="0.047">
    <system-out><![CDATA[do login test
]]></system-out>
  </testcase>
  <testcase name="addusertest" classname="xpath.TestNG" time="0.011">
    <system-out><![CDATA[add user test
]]></system-out>
  </testcase>
  <testcase name="fbmessagetest" classname="testcases.WebTable" time="19.539">
    <failure message="class org.openqa.selenium.remote.RemoteWebElement cannot be cast to class java.util.List (org.openqa.selenium.remote.RemoteWebElement is in unnamed module of loader &apos;app&apos;; java.util.List is in module java.base of loader &apos;bootstrap&apos;)" type="java.lang.ClassCastException"><![CDATA[java.lang.ClassCastException: class org.openqa.selenium.remote.RemoteWebElement cannot be cast to class java.util.List (org.openqa.selenium.remote.RemoteWebElement is in unnamed module of loader 'app'; java.util.List is in module java.base of loader 'bootstrap')
	at testcases.WebTable.fbmessagetest(WebTable.java:41)
	at java.base/jdk.internal.reflect.DirectMethodHandleAccessor.invoke(DirectMethodHandleAccessor.java:103)
	at java.base/java.lang.reflect.Method.invoke(Method.java:580)
	at org.testng.internal.invokers.MethodInvocationHelper.invokeMethod(MethodInvocationHelper.java:139)
	at org.testng.internal.invokers.TestInvoker.invokeMethod(TestInvoker.java:664)
	at org.testng.internal.invokers.TestInvoker.invokeTestMethod(TestInvoker.java:228)
	at org.testng.internal.invokers.MethodRunner.runInSequence(MethodRunner.java:63)
	at org.testng.internal.invokers.TestInvoker$MethodInvocationAgent.invoke(TestInvoker.java:961)
	at org.testng.internal.invokers.TestInvoker.invokeTestMethods(TestInvoker.java:201)
	at org.testng.internal.invokers.TestMethodWorker.invokeTestMethods(TestMethodWorker.java:148)
	at org.testng.internal.invokers.TestMethodWorker.run(TestMethodWorker.java:128)
	at java.base/java.util.ArrayList.forEach(ArrayList.java:1596)
	at org.testng.TestRunner.privateRun(TestRunner.java:819)
	at org.testng.TestRunner.run(TestRunner.java:619)
	at org.testng.SuiteRunner.runTest(SuiteRunner.java:443)
	at org.testng.SuiteRunner.runSequentially(SuiteRunner.java:437)
	at org.testng.SuiteRunner.privateRun(SuiteRunner.java:397)
	at org.testng.SuiteRunner.run(SuiteRunner.java:336)
	at org.testng.SuiteRunnerWorker.runSuite(SuiteRunnerWorker.java:52)
	at org.testng.SuiteRunnerWorker.run(SuiteRunnerWorker.java:95)
	at org.testng.TestNG.runSuitesSequentially(TestNG.java:1301)
	at org.testng.TestNG.runSuitesLocally(TestNG.java:1228)
	at org.testng.TestNG.runSuites(TestNG.java:1134)
	at org.testng.TestNG.run(TestNG.java:1101)
	at org.apache.maven.surefire.testng.TestNGExecutor.run(TestNGExecutor.java:308)
	at org.apache.maven.surefire.testng.TestNGXmlTestSuite.execute(TestNGXmlTestSuite.java:71)
	at org.apache.maven.surefire.testng.TestNGProvider.invoke(TestNGProvider.java:113)
	at org.apache.maven.surefire.booter.ForkedBooter.runSuitesInProcess(ForkedBooter.java:385)
	at org.apache.maven.surefire.booter.ForkedBooter.execute(ForkedBooter.java:162)
	at org.apache.maven.surefire.booter.ForkedBooter.run(ForkedBooter.java:507)
	at org.apache.maven.surefire.booter.ForkedBooter.main(ForkedBooter.java:495)
]]></failure>
    <system-out><![CDATA[no of headers are: 6
[[ChromeDriver: chrome on XP (91697f37f16403d049f02c605fca37d6)] -> xpath: //table//tbody//tr//th]
[[ChromeDriver: chrome on XP (91697f37f16403d049f02c605fca37d6)] -> xpath: //table//tbody//tr//th]
[[ChromeDriver: chrome on XP (91697f37f16403d049f02c605fca37d6)] -> xpath: //table//tbody//tr//th]
[[ChromeDriver: chrome on XP (91697f37f16403d049f02c605fca37d6)] -> xpath: //table//tbody//tr//th]
[[ChromeDriver: chrome on XP (91697f37f16403d049f02c605fca37d6)] -> xpath: //table//tbody//tr//th]
[[ChromeDriver: chrome on XP (91697f37f16403d049f02c605fca37d6)] -> xpath: //table//tbody//tr//th]
no of rows: (1099, 47)
]]></system-out>
    <system-err><![CDATA[Starting ChromeDriver 124.0.6367.207 (a9001a6e39fbaa559510ca866052950457dd4e6b-refs/branch-heads/6367_201@{#3}) on port 32879
Only local connections are allowed.
Please see https://chromedriver.chromium.org/security-considerations for suggestions on keeping ChromeDriver safe.
ChromeDriver was started successfully.
May 26, 2024 1:09:25 AM org.openqa.selenium.remote.ProtocolHandshake createSession
INFO: Detected dialect: W3C
]]></system-err>
  </testcase>
</testsuite>