<?xml version="1.0" encoding="UTF-8"?>
<!-- Generated by org.testng.reporters.JUnitXMLReporter -->
<testsuite ignored="2" hostname="LAPTOP-C9I6TMT1" failures="0" tests="2" name="Test" time="0.181" errors="0" timestamp="2024-05-26T00:50:14 IST">
  <testcase classname="annotation_demo.AddUserTest" name="normaluser" time="0.04"/>
  <testcase classname="annotation_demo.AddUserTest" name="p3user" time="0.006"/>
  <testcase classname="annotation_demo.AddUserTest" name="p1user" time="0.0">
    <ignored/>
  </testcase> <!-- p1user -->
  <testcase classname="annotation_demo.AddUserTest" name="p2user" time="0.0">
    <ignored/>
  </testcase> <!-- p2user -->
</testsuite> <!-- Test -->
